<?xml version="1.0" encoding="UTF-8"?>
<testng-results ignored="0" total="2" passed="2" failed="0" skipped="0">
  <reporter-output>
  </reporter-output>
  <suite started-at="2022-02-10T15:35:43 IST" name="Suite" finished-at="2022-02-10T15:36:11 IST" duration-ms="28612">
    <groups>
    </groups>
    <test started-at="2022-02-10T15:35:43 IST" name="Test" finished-at="2022-02-10T15:36:11 IST" duration-ms="28612">
      <class name="com.Guru99.qa.Pagestest.LoginPageTest">
        <test-method is-config="true" signature="setup()[pri:0, instance:com.Guru99.qa.Pagestest.LoginPageTest@5fd4f8f5]" started-at="2022-02-10T15:35:43 IST" name="setup" finished-at="2022-02-10T15:35:57 IST" duration-ms="14746" status="PASS">
          <reporter-output>
          </reporter-output>
        </test-method> <!-- setup -->
        <test-method signature="loginTest()[pri:1, instance:com.Guru99.qa.Pagestest.LoginPageTest@5fd4f8f5]" started-at="2022-02-10T15:35:57 IST" name="loginTest" finished-at="2022-02-10T15:36:00 IST" duration-ms="2961" status="PASS">
          <reporter-output>
          </reporter-output>
        </test-method> <!-- loginTest -->
        <test-method is-config="true" signature="tearDown()[pri:0, instance:com.Guru99.qa.Pagestest.LoginPageTest@5fd4f8f5]" started-at="2022-02-10T15:36:00 IST" name="tearDown" finished-at="2022-02-10T15:36:01 IST" duration-ms="402" status="PASS">
          <reporter-output>
          </reporter-output>
        </test-method> <!-- tearDown -->
        <test-method is-config="true" signature="setup()[pri:0, instance:com.Guru99.qa.Pagestest.LoginPageTest@5fd4f8f5]" started-at="2022-02-10T15:36:01 IST" name="setup" finished-at="2022-02-10T15:36:11 IST" duration-ms="10221" status="PASS">
          <reporter-output>
          </reporter-output>
        </test-method> <!-- setup -->
        <test-method signature="TitleBeforeLogon()[pri:2, instance:com.Guru99.qa.Pagestest.LoginPageTest@5fd4f8f5]" started-at="2022-02-10T15:36:11 IST" name="TitleBeforeLogon" finished-at="2022-02-10T15:36:11 IST" duration-ms="10" status="PASS">
          <reporter-output>
          </reporter-output>
        </test-method> <!-- TitleBeforeLogon -->
        <test-method is-config="true" signature="tearDown()[pri:0, instance:com.Guru99.qa.Pagestest.LoginPageTest@5fd4f8f5]" started-at="2022-02-10T15:36:11 IST" name="tearDown" finished-at="2022-02-10T15:36:11 IST" duration-ms="173" status="PASS">
          <reporter-output>
          </reporter-output>
        </test-method> <!-- tearDown -->
      </class> <!-- com.Guru99.qa.Pagestest.LoginPageTest -->
    </test> <!-- Test -->
  </suite> <!-- Suite -->
</testng-results>
